{"total": {"lines":{"total":1723,"covered":993,"skipped":0,"pct":57.63},"statements":{"total":1723,"covered":993,"skipped":0,"pct":57.63},"functions":{"total":14,"covered":13,"skipped":0,"pct":92.85},"branches":{"total":244,"covered":117,"skipped":0,"pct":47.95},"branchesTrue":{"total":0,"covered":0,"skipped":0,"pct":"Unknown"}}
,"/home/runner/workspace/server/routes/billing.ts": {"lines":{"total":1723,"covered":993,"skipped":0,"pct":57.63},"functions":{"total":14,"covered":13,"skipped":0,"pct":92.85},"statements":{"total":1723,"covered":993,"skipped":0,"pct":57.63},"branches":{"total":244,"covered":117,"skipped":0,"pct":47.95}}
}
